生成启动时间为 2/4/2018 10:46:33 AM。
     1>项目“D:\meshlab133\meshlab\src\meshlabplugins\decorate_base\decorate_base.vcxproj”在节点 2 上(build 个目标)。
     1>C:\Program Files (x86)\MSBuild\Microsoft.Cpp\v4.0\Microsoft.CppBuild.targets(298,5): warning MSB8004: Intermediate 目录未以斜杠结尾。此生成实例将添加斜杠，因为必须有这个斜杠才能正确计算 Intermediate 目录。
     1>InitializeBuildStatus:
         正在创建“Win32\Debug\decorate_base.unsuccessfulbuild”，因为已指定“AlwaysCreate”。
       CustomBuild:
         所有输出均为最新。
       ClCompile:
         C:\Program Files (x86)\Microsoft Visual Studio 10.0\VC\bin\CL.exe /c /ID:\meshlab133\vcglib\eigenlib /ID:\spinxform_opengl\include /ID:\meshlab133\vcglib\vcg\complex\algorithms\update /I"D:\gdut\software\glut-lib" /IC:\Qt\4.8.5\include\QtCore /IC:\Qt\4.8.5\include\QtGui /IC:\Qt\4.8.5\include\QtOpenGL /IC:\Qt\4.8.5\include\QtXml /IC:\Qt\4.8.5\include\QtXmlPatterns /IC:\Qt\4.8.5\include\QtScript /IC:\Qt\4.8.5\include /I..\.. /I..\..\..\..\vcglib /I"..\..\external\glew-1.7.0\include" /IC:\Qt\4.8.5\include\ActiveQt /Idebug /IC:\Qt\4.8.5\mkspecs\default /Zi /nologo /W3 /WX- /Od /Oy- /D _WINDOWS /D UNICODE /D WIN32 /D NOMINMAX /D GLEW_STATIC /D _USE_MATH_DEFINES /D _CRT_SECURE_NO_DEPRECATE /D QT_DLL /D QT_PLUGIN /D QT_SCRIPT_LIB /D QT_XMLPATTERNS_LIB /D QT_XML_LIB /D QT_OPENGL_LIB /D QT_GUI_LIB /D QT_CORE_LIB /D QT_HAVE_MMX /D QT_HAVE_3DNOW /D QT_HAVE_SSE /D QT_HAVE_MMXEXT /D QT_HAVE_SSE2 /D QT_THREAD_SUPPORT /D _WINDLL /Gm- /EHsc /MDd /GS /fp:precise /Zc:wchar_t- /Zc:forScope /GR /Fo"Win32\Debug\\" /Fd"Win32\Debug\vc100.pdb" /Gd /TP /analyze- /errorReport:prompt decorate_base.cpp -Zm200 -w34100 -w34189 
         decorate_base.cpp
     1>D:\meshlab133\vcglib\vcg/math/matrix44.h : warning C4819: 该文件包含不能在当前代码页(936)中表示的字符。请将该文件保存为 Unicode 格式以防止数据丢失
     1>D:\meshlab133\vcglib\vcg/math/matrix44.h : warning C4819: 该文件包含不能在当前代码页(936)中表示的字符。请将该文件保存为 Unicode 格式以防止数据丢失
     1>D:\meshlab133\vcglib\vcg/math/matrix44.h : warning C4819: 该文件包含不能在当前代码页(936)中表示的字符。请将该文件保存为 Unicode 格式以防止数据丢失
     1>D:\meshlab133\vcglib\vcg/math/matrix44.h : warning C4819: 该文件包含不能在当前代码页(936)中表示的字符。请将该文件保存为 Unicode 格式以防止数据丢失
     1>D:\meshlab133\vcglib\vcg/math/matrix44.h : warning C4819: 该文件包含不能在当前代码页(936)中表示的字符。请将该文件保存为 Unicode 格式以防止数据丢失
     1>D:\meshlab133\vcglib\vcg/complex/algorithms/update/color.h : warning C4819: 该文件包含不能在当前代码页(936)中表示的字符。请将该文件保存为 Unicode 格式以防止数据丢失
     1>D:\meshlab133\vcglib\vcg/math/matrix44.h : warning C4819: 该文件包含不能在当前代码页(936)中表示的字符。请将该文件保存为 Unicode 格式以防止数据丢失
     1>D:\meshlab133\vcglib\vcg/math/matrix44.h : warning C4819: 该文件包含不能在当前代码页(936)中表示的字符。请将该文件保存为 Unicode 格式以防止数据丢失
     1>D:\meshlab133\meshlab\src\common/interfaces.h(429): warning C4138: 在注释外找到“*/”
     1>D:\meshlab133\meshlab\src\common/interfaces.h(486): warning C4138: 在注释外找到“*/”
     1>D:\meshlab133\meshlab\src\common/interfaces.h(487): warning C4138: 在注释外找到“*/”
     1>D:\meshlab133\meshlab\src\common/interfaces.h(497): warning C4138: 在注释外找到“*/”
     1>D:\meshlab133\meshlab\src\common/interfaces.h(499): warning C4138: 在注释外找到“*/”
     1>d:\meshlab133\meshlab\src\meshlabplugins\decorate_base\alg_base.h(304): warning C4100: “normal”: 未引用的形参
     1>d:\meshlab133\meshlab\src\meshlabplugins\decorate_base\decorate_base.h(172): warning C4138: 在注释外找到“*/”
     1>D:\meshlab133\vcglib\vcg/math/matrix44.h : warning C4819: 该文件包含不能在当前代码页(936)中表示的字符。请将该文件保存为 Unicode 格式以防止数据丢失
     1>D:\meshlab133\vcglib\vcg/math/matrix44.h : warning C4819: 该文件包含不能在当前代码页(936)中表示的字符。请将该文件保存为 Unicode 格式以防止数据丢失
     1>D:\meshlab133\vcglib\vcg/complex/algorithms/point_sampling.h : warning C4819: 该文件包含不能在当前代码页(936)中表示的字符。请将该文件保存为 Unicode 格式以防止数据丢失
     1>d:\meshlab133\meshlab\src\meshlabplugins\decorate_base\alg_div.h(143): warning C4189: “mean”: 局部变量已初始化但不引用
     1>d:\meshlab133\meshlab\src\meshlabplugins\decorate_base\alg_div.h(150): warning C4189: “nZ”: 局部变量已初始化但不引用
     1>d:\meshlab133\meshlab\src\meshlabplugins\decorate_base\alg_div.h(161): warning C4189: “min”: 局部变量已初始化但不引用
     1>d:\meshlab133\meshlab\src\meshlabplugins\decorate_base\alg_div.h(159): warning C4189: “mm”: 局部变量已初始化但不引用
     1>d:\meshlab133\meshlab\src\meshlabplugins\decorate_base\alg_div.h(160): warning C4189: “max”: 局部变量已初始化但不引用
     1>d:\meshlab133\meshlab\src\meshlabplugins\decorate_base\alg_curl.h(21): warning C4189: “col”: 局部变量已初始化但不引用
     1>d:\meshlab133\meshlab\src\meshlabplugins\decorate_base\alg_curl.h(47): warning C4189: “nV”: 局部变量已初始化但不引用
     1>d:\meshlab133\meshlab\src\meshlabplugins\decorate_base\alg_curl.h(74): warning C4189: “col”: 局部变量已初始化但不引用
     1>d:\meshlab133\meshlab\src\meshlabplugins\decorate_base\alg_curl.h(142): warning C4189: “maxb”: 局部变量已初始化但不引用
     1>d:\meshlab133\meshlab\src\meshlabplugins\decorate_base\alg_curl.h(136): warning C4189: “nF”: 局部变量已初始化但不引用
     1>d:\meshlab133\meshlab\src\meshlabplugins\decorate_base\alg_curl.h(141): warning C4189: “mean”: 局部变量已初始化但不引用
     1>d:\meshlab133\meshlab\src\meshlabplugins\decorate_base\alg_curl.h(157): warning C4189: “maxbX”: 局部变量已初始化但不引用
     1>d:\meshlab133\meshlab\src\meshlabplugins\decorate_base\alg_curl.h(147): warning C4189: “nZ1”: 局部变量已初始化但不引用
     1>d:\meshlab133\meshlab\src\meshlabplugins\decorate_base\alg_curl.h(149): warning C4189: “nZ”: 局部变量已初始化但不引用
     1>d:\meshlab133\meshlab\src\meshlabplugins\decorate_base\alg_curl.h(158): warning C4189: “minbX”: 局部变量已初始化但不引用
     1>d:\meshlab133\meshlab\src\meshlabplugins\decorate_base\alg_curl.h(156): warning C4189: “meanX”: 局部变量已初始化但不引用
     1>d:\meshlab133\meshlab\src\meshlabplugins\decorate_base\alg_curl.h(143): warning C4189: “minb”: 局部变量已初始化但不引用
     1>d:\meshlab133\meshlab\src\meshlabplugins\decorate_base\alg_curl.h(172): warning C4189: “begin”: 局部变量已初始化但不引用
     1>d:\meshlab133\meshlab\src\meshlabplugins\decorate_base\alg_div_free.h(21): warning C4189: “col”: 局部变量已初始化但不引用
     1>d:\meshlab133\meshlab\src\meshlabplugins\decorate_base\alg_div_free.h(73): warning C4189: “nV”: 局部变量已初始化但不引用
     1>d:\meshlab133\meshlab\src\meshlabplugins\decorate_base\alg_div_free.h(152): warning C4189: “maxb”: 局部变量已初始化但不引用
     1>d:\meshlab133\meshlab\src\meshlabplugins\decorate_base\alg_div_free.h(151): warning C4189: “mean”: 局部变量已初始化但不引用
     1>d:\meshlab133\meshlab\src\meshlabplugins\decorate_base\alg_div_free.h(167): warning C4189: “maxbX”: 局部变量已初始化但不引用
     1>d:\meshlab133\meshlab\src\meshlabplugins\decorate_base\alg_div_free.h(157): warning C4189: “nZ1”: 局部变量已初始化但不引用
     1>d:\meshlab133\meshlab\src\meshlabplugins\decorate_base\alg_div_free.h(159): warning C4189: “nZ”: 局部变量已初始化但不引用
     1>d:\meshlab133\meshlab\src\meshlabplugins\decorate_base\alg_div_free.h(168): warning C4189: “minbX”: 局部变量已初始化但不引用
     1>d:\meshlab133\meshlab\src\meshlabplugins\decorate_base\alg_div_free.h(166): warning C4189: “meanX”: 局部变量已初始化但不引用
     1>d:\meshlab133\meshlab\src\meshlabplugins\decorate_base\alg_div_free.h(153): warning C4189: “minb”: 局部变量已初始化但不引用
     1>d:\meshlab133\meshlab\src\meshlabplugins\decorate_base\alg_div_free.h(181): warning C4189: “begin”: 局部变量已初始化但不引用
     1>decorate_base.cpp(697): warning C4018: “<”: 有符号/无符号不匹配
     1>decorate_base.cpp(487): warning C4189: “LineLen”: 局部变量已初始化但不引用
     1>decorate_base.cpp(531): warning C4189: “LineLen”: 局部变量已初始化但不引用
     1>decorate_base.cpp(578): warning C4189: “LineLen”: 局部变量已初始化但不引用
     1>decorate_base.cpp(639): warning C4189: “LineLen”: 局部变量已初始化但不引用
     1>decorate_base.cpp(702): warning C4189: “LineLen”: 局部变量已初始化但不引用
     1>decorate_base.cpp(718): warning C4189: “areaf”: 局部变量已初始化但不引用
     1>decorate_base.cpp(1636): warning C4100: “painter”: 未引用的形参
     1>decorate_base.cpp(1649): warning C4189: “ln”: 局部变量已初始化但不引用
     1>decorate_base.cpp(1687): warning C4138: 在注释外找到“*/”
     1>decorate_base.cpp(1819): warning C4305: “初始化”: 从“double”到“float”截断
     1>decorate_base.cpp(1879): warning C4305: “参数”: 从“double”到“const float”截断
     1>decorate_base.cpp(1881): warning C4305: “参数”: 从“double”到“float”截断
     1>decorate_base.cpp(1882): warning C4305: “参数”: 从“double”到“float”截断
     1>decorate_base.cpp(1953): warning C4305: “参数”: 从“double”到“const float”截断
     1>C:\Program Files (x86)\Microsoft Visual Studio 10.0\VC\include\xutility(2692): warning C4244: “=”: 从“const int”转换到“float”，可能丢失数据
                 C:\Program Files (x86)\Microsoft Visual Studio 10.0\VC\include\xutility(2715): 参见对正在编译的函数 模板 实例化“void std::_Fill<float*,_Ty>(_FwdIt,_FwdIt,const _Ty &)”的引用
                 with
                 [
                     _Ty=int,
                     _FwdIt=float *
                 ]
                 D:\meshlab133\vcglib\vcg/math/histogram.h(318): 参见对正在编译的函数 模板 实例化“void std::fill<std::_Vector_iterator<_Myvec>,int>(_FwdIt,_FwdIt,const _Ty &)”的引用
                 with
                 [
                     _Myvec=std::_Vector_val<float,std::allocator<float>>,
                     _FwdIt=std::_Vector_iterator<std::_Vector_val<float,std::allocator<float>>>,
                     _Ty=int
                 ]
                 D:\meshlab133\vcglib\vcg/math/histogram.h(312): 编译类 模板 成员函数“void vcg::Histogram<ScalarType>::SetRange(ScalarType,ScalarType,int,ScalarType)”时
                 with
                 [
                     ScalarType=float
                 ]
                 d:\meshlab133\meshlab\src\meshlabplugins\decorate_base\colorhistogram.h(13): 参见对正在编译的类 模板 实例化“vcg::Histogram<ScalarType>”的引用
                 with
                 [
                     ScalarType=float
                 ]
                 decorate_base.cpp(1518): 参见对正在编译的类 模板 实例化“vcg::ColorHistogram<ScalarType>”的引用
                 with
                 [
                     ScalarType=float
                 ]
       Link:
         C:\Program Files (x86)\Microsoft Visual Studio 10.0\VC\bin\link.exe /ERRORREPORT:PROMPT /OUT:"..\..\distrib\plugins\\decorate_base.dll" /NOLOGO /LIBPATH:"D:\gdut\software\glut-lib" /LIBPATH:C:\Qt\4.8.5\lib glu32.lib opengl32.lib gdi32.lib user32.lib ../../distrib/common.lib C:\Qt\4.8.5\lib\QtScriptd4.lib C:\Qt\4.8.5\lib\QtXmlPatternsd4.lib C:\Qt\4.8.5\lib\QtXmld4.lib C:\Qt\4.8.5\lib\QtOpenGLd4.lib C:\Qt\4.8.5\lib\QtGuid4.lib C:\Qt\4.8.5\lib\QtCored4.lib glut.lib glut32.lib kernel32.lib user32.lib gdi32.lib winspool.lib comdlg32.lib advapi32.lib shell32.lib ole32.lib oleaut32.lib uuid.lib odbc32.lib odbccp32.lib /MANIFEST /ManifestFile:"Win32\Debug\decorate_base.dll.intermediate.manifest" /MANIFESTUAC:"level='asInvoker' uiAccess='false'" /DEBUG /PDB:"D:\meshlab133\meshlab\src\distrib\plugins\decorate_base.pdb" /TLBID:1 /DYNAMICBASE /NXCOMPAT /MACHINE:X86 /DLL Win32\Debug\coordinateframe.obj
         Win32\Debug\decorate_base.obj
         Win32\Debug\moc_decorate_base.obj
         Win32\Debug\qrc_decorate_base.obj
         LINK : 没有找到 ..\..\distrib\plugins\\decorate_base.dll 或上一个增量链接没有生成它；正在执行完全链接
            正在创建库 ..\..\distrib\plugins\\decorate_base.lib 和对象 ..\..\distrib\plugins\\decorate_base.exp
         decorate_base.vcxproj -> D:\meshlab133\meshlab\src\meshlabplugins\decorate_base\..\..\distrib\plugins\decorate_base.dll
       Manifest:
         C:\Program Files (x86)\Microsoft SDKs\Windows\v7.0A\bin\mt.exe /nologo /verbose /outputresource:"..\..\distrib\plugins\\decorate_base.dll;#2" /manifest Win32\Debug\decorate_base.dll.intermediate.manifest
       FinalizeBuildStatus:
         正在删除文件“Win32\Debug\decorate_base.unsuccessfulbuild”。
         正在对“Win32\Debug\decorate_base.lastbuildstate”执行 Touch 任务。
     1>已完成生成项目“D:\meshlab133\meshlab\src\meshlabplugins\decorate_base\decorate_base.vcxproj”(build 个目标)的操作。

生成成功。

已用时间 00:00:09.54
