..\..\distrib\plugins\decorate_base.ilk
..\..\distrib\plugins\decorate_base.pdb
D:\MESHLAB133\MESHLAB\SRC\DISTRIB\PLUGINS\DECORATE_BASE.DLL
D:\meshlab133\meshlab\src\distrib\plugins\decorate_base.exp
D:\MESHLAB133\MESHLAB\SRC\DISTRIB\PLUGINS\DECORATE_BASE.ILK
D:\meshlab133\meshlab\src\distrib\plugins\decorate_base.lib
D:\MESHLAB133\MESHLAB\SRC\DISTRIB\PLUGINS\DECORATE_BASE.PDB
D:\meshlab133\meshlab\src\meshlabplugins\decorate_base\..\..\distrib\plugins\decorate_base.dll
D:\MESHLAB133\MESHLAB\SRC\MESHLABPLUGINS\DECORATE_BASE\GENERATEDFILES\DEBUG\MOC_DECORATE_BASE.CPP
D:\MESHLAB133\MESHLAB\SRC\MESHLABPLUGINS\DECORATE_BASE\GENERATEDFILES\QRC_DECORATE_BASE.CPP
D:\meshlab133\meshlab\src\meshlabplugins\decorate_base\Win32\Debug\cl.command.1.tlog
D:\meshlab133\meshlab\src\meshlabplugins\decorate_base\Win32\Debug\CL.read.1.tlog
D:\meshlab133\meshlab\src\meshlabplugins\decorate_base\Win32\Debug\CL.write.1.tlog
D:\MESHLAB133\MESHLAB\SRC\MESHLABPLUGINS\DECORATE_BASE\WIN32\DEBUG\COORDINATEFRAME.OBJ
D:\meshlab133\meshlab\src\meshlabplugins\decorate_base\Win32\Debug\custombuild.command.1.tlog
D:\meshlab133\meshlab\src\meshlabplugins\decorate_base\Win32\Debug\custombuild.read.1.tlog
D:\meshlab133\meshlab\src\meshlabplugins\decorate_base\Win32\Debug\custombuild.write.1.tlog
D:\MESHLAB133\MESHLAB\SRC\MESHLABPLUGINS\DECORATE_BASE\WIN32\DEBUG\DECORATE_BASE.DLL.INTERMEDIATE.MANIFEST
D:\MESHLAB133\MESHLAB\SRC\MESHLABPLUGINS\DECORATE_BASE\WIN32\DEBUG\DECORATE_BASE.OBJ
D:\meshlab133\meshlab\src\meshlabplugins\decorate_base\Win32\Debug\decorate_base.vcxprojResolveAssemblyReference.cache
D:\meshlab133\meshlab\src\meshlabplugins\decorate_base\Win32\Debug\decorate_base.write.1.tlog
D:\MESHLAB133\MESHLAB\SRC\MESHLABPLUGINS\DECORATE_BASE\WIN32\DEBUG\EIGENSOLVER.OBJ
D:\MESHLAB133\MESHLAB\SRC\MESHLABPLUGINS\DECORATE_BASE\WIN32\DEBUG\LINEARSOLVER.OBJ
D:\meshlab133\meshlab\src\meshlabplugins\decorate_base\Win32\Debug\link.command.1.tlog
D:\meshlab133\meshlab\src\meshlabplugins\decorate_base\Win32\Debug\link.read.1.tlog
D:\meshlab133\meshlab\src\meshlabplugins\decorate_base\Win32\Debug\link.write.1.tlog
D:\MESHLAB133\MESHLAB\SRC\MESHLABPLUGINS\DECORATE_BASE\WIN32\DEBUG\MOC_DECORATE_BASE.OBJ
D:\meshlab133\meshlab\src\meshlabplugins\decorate_base\Win32\Debug\mt.command.1.tlog
D:\meshlab133\meshlab\src\meshlabplugins\decorate_base\Win32\Debug\mt.read.1.tlog
D:\meshlab133\meshlab\src\meshlabplugins\decorate_base\Win32\Debug\mt.write.1.tlog
D:\MESHLAB133\MESHLAB\SRC\MESHLABPLUGINS\DECORATE_BASE\WIN32\DEBUG\QRC_DECORATE_BASE.OBJ
D:\MESHLAB133\MESHLAB\SRC\MESHLABPLUGINS\DECORATE_BASE\WIN32\DEBUG\QUATERNION.OBJ
D:\MESHLAB133\MESHLAB\SRC\MESHLABPLUGINS\DECORATE_BASE\WIN32\DEBUG\QUATERNIONMATRIX.OBJ
D:\MESHLAB133\MESHLAB\SRC\MESHLABPLUGINS\DECORATE_BASE\WIN32\DEBUG\VC100.PDB
D:\MESHLAB133\MESHLAB\SRC\MESHLABPLUGINS\DECORATE_BASE\WIN32\DEBUG\VECTOR.OBJ
