生成启动时间为 2017/10/19 星期四 7:05:23。
     1>项目“D:\meshlab133\meshlab\src\meshlabplugins\decorate_base\decorate_base.vcxproj”在节点 2 上(build 个目标)。
     1>C:\Program Files (x86)\MSBuild\Microsoft.Cpp\v4.0\Microsoft.CppBuild.targets(298,5): warning MSB8004: Intermediate 目录未以斜杠结尾。此生成实例将添加斜杠，因为必须有这个斜杠才能正确计算 Intermediate 目录。
     1>InitializeBuildStatus:
         正在对“Win32\Release\decorate_base.unsuccessfulbuild”执行 Touch 任务。
       CustomBuild:
         所有输出均为最新。
       ClCompile:
         所有输出均为最新。
       Link:
         C:\Program Files (x86)\Microsoft Visual Studio 10.0\VC\bin\link.exe /ERRORREPORT:PROMPT /OUT:"..\..\distrib\plugins\\decorate_base.dll" /INCREMENTAL:NO /NOLOGO /LIBPATH:C:\Qt\4.8.5\lib /LIBPATH:C:\Qt\4.8.5\lib glu32.lib opengl32.lib gdi32.lib user32.lib ../../distrib/common.lib C:\Qt\4.8.5\lib\QtScript4.lib C:\Qt\4.8.5\lib\QtXmlPatterns4.lib C:\Qt\4.8.5\lib\QtXml4.lib C:\Qt\4.8.5\lib\QtOpenGL4.lib C:\Qt\4.8.5\lib\QtGui4.lib C:\Qt\4.8.5\lib\QtCore4.lib kernel32.lib user32.lib gdi32.lib winspool.lib comdlg32.lib advapi32.lib shell32.lib ole32.lib oleaut32.lib uuid.lib odbc32.lib odbccp32.lib /MANIFEST /ManifestFile:"Win32\Release\decorate_base.dll.intermediate.manifest" /MANIFESTUAC:"level='asInvoker' uiAccess='false'" /PDB:"D:\meshlab133\meshlab\src\distrib\plugins\decorate_base.pdb" /TLBID:1 /DYNAMICBASE /NXCOMPAT /MACHINE:X86 /DLL Win32\Release\coordinateframe.obj
         Win32\Release\decorate_base.obj
         Win32\Release\qrc_decorate_base.obj
         Win32\Release\moc_decorate_base.obj
            正在创建库 ..\..\distrib\plugins\\decorate_base.lib 和对象 ..\..\distrib\plugins\\decorate_base.exp
         decorate_base.vcxproj -> D:\meshlab133\meshlab\src\meshlabplugins\decorate_base\..\..\distrib\plugins\decorate_base.dll
       Manifest:
         C:\Program Files (x86)\Microsoft SDKs\Windows\v7.0A\bin\mt.exe /nologo /verbose /outputresource:"..\..\distrib\plugins\\decorate_base.dll;#2" /manifest Win32\Release\decorate_base.dll.intermediate.manifest
       FinalizeBuildStatus:
         正在删除文件“Win32\Release\decorate_base.unsuccessfulbuild”。
         正在对“Win32\Release\decorate_base.lastbuildstate”执行 Touch 任务。
     1>已完成生成项目“D:\meshlab133\meshlab\src\meshlabplugins\decorate_base\decorate_base.vcxproj”(build 个目标)的操作。

生成成功。

已用时间 00:00:00.62
